2023-08-10 16:16:57,025 ERROR 23772 nodejs.unhandledExceptionError: read ECONNRESET
    at TCP.onStreamRead (node:internal/stream_base_commons:217:20)
errno: -4077
code: "ECONNRESET"
syscall: "read"
name: "unhandledExceptionError"
pid: 23772
hostname: LAPTOP-HKEBD1QT

2023-08-10 18:15:13,544 ERROR 3672 nodejs.unhandledExceptionError: read ECONNRESET
    at TCP.onStreamRead (node:internal/stream_base_commons:217:20)
errno: -4077
code: "ECONNRESET"
syscall: "read"
name: "unhandledExceptionError"
pid: 3672
hostname: LAPTOP-HKEBD1QT

2023-08-10 18:31:36,248 ERROR 22160 [-/::1/-/19ms GET /api/user/test] nodejs.JsonWebTokenError: invalid token
    at Object.module.exports [as verify] (C:\Users\ZJY\Desktop\React-记账本\talkbook_server\node_modules\jsonwebtoken\verify.js:75:17)
    at AsyncFunction.<computed>.verify (C:\Users\ZJY\Desktop\React-记账本\talkbook_server\node_modules\egg-jwt\app\extend\application.js:42:20)
    at UserController.test (C:\Users\ZJY\Desktop\React-记账本\talkbook_server\app\controller\user.js:107:28)
    at Object.callFn (C:\Users\ZJY\Desktop\React-记账本\talkbook_server\node_modules\egg-core\lib\utils\index.js:44:21)
    at Object.classControllerMiddleware (C:\Users\ZJY\Desktop\React-记账本\talkbook_server\node_modules\egg-core\lib\loader\mixin\controller.js:87:20)
    at Object.callFn (C:\Users\ZJY\Desktop\React-记账本\talkbook_server\node_modules\@eggjs\router\lib\utils.js:12:21)
    at wrappedController (C:\Users\ZJY\Desktop\React-记账本\talkbook_server\node_modules\@eggjs\router\lib\egg_router.js:322:18)
    at dispatch (C:\Users\ZJY\Desktop\React-记账本\talkbook_server\node_modules\koa-compose\index.js:44:32)
    at next (C:\Users\ZJY\Desktop\React-记账本\talkbook_server\node_modules\koa-compose\index.js:45:18)
    at C:\Users\ZJY\Desktop\React-记账本\talkbook_server\node_modules\@eggjs\router\lib\router.js:186:18
name: "JsonWebTokenError"
message: "invalid token"
pid: 22160
hostname: LAPTOP-HKEBD1QT

2023-08-10 18:31:46,915 ERROR 22160 [-/::1/-/1ms GET /api/user/test] nodejs.JsonWebTokenError: invalid token
    at Object.module.exports [as verify] (C:\Users\ZJY\Desktop\React-记账本\talkbook_server\node_modules\jsonwebtoken\verify.js:75:17)
    at AsyncFunction.<computed>.verify (C:\Users\ZJY\Desktop\React-记账本\talkbook_server\node_modules\egg-jwt\app\extend\application.js:42:20)
    at UserController.test (C:\Users\ZJY\Desktop\React-记账本\talkbook_server\app\controller\user.js:107:28)
    at Object.callFn (C:\Users\ZJY\Desktop\React-记账本\talkbook_server\node_modules\egg-core\lib\utils\index.js:44:21)
    at Object.classControllerMiddleware (C:\Users\ZJY\Desktop\React-记账本\talkbook_server\node_modules\egg-core\lib\loader\mixin\controller.js:87:20)
    at Object.callFn (C:\Users\ZJY\Desktop\React-记账本\talkbook_server\node_modules\@eggjs\router\lib\utils.js:12:21)
    at wrappedController (C:\Users\ZJY\Desktop\React-记账本\talkbook_server\node_modules\@eggjs\router\lib\egg_router.js:322:18)
    at dispatch (C:\Users\ZJY\Desktop\React-记账本\talkbook_server\node_modules\koa-compose\index.js:44:32)
    at next (C:\Users\ZJY\Desktop\React-记账本\talkbook_server\node_modules\koa-compose\index.js:45:18)
    at C:\Users\ZJY\Desktop\React-记账本\talkbook_server\node_modules\@eggjs\router\lib\router.js:186:18
name: "JsonWebTokenError"
message: "invalid token"
pid: 22160
hostname: LAPTOP-HKEBD1QT

2023-08-10 18:33:50,871 ERROR 12616 [-/::1/-/17ms GET /api/user/test] nodejs.JsonWebTokenError: invalid token
    at Object.module.exports [as verify] (C:\Users\ZJY\Desktop\React-记账本\talkbook_server\node_modules\jsonwebtoken\verify.js:75:17)
    at AsyncFunction.<computed>.verify (C:\Users\ZJY\Desktop\React-记账本\talkbook_server\node_modules\egg-jwt\app\extend\application.js:42:20)
    at UserController.test (C:\Users\ZJY\Desktop\React-记账本\talkbook_server\app\controller\user.js:107:28)
    at Object.callFn (C:\Users\ZJY\Desktop\React-记账本\talkbook_server\node_modules\egg-core\lib\utils\index.js:44:21)
    at Object.classControllerMiddleware (C:\Users\ZJY\Desktop\React-记账本\talkbook_server\node_modules\egg-core\lib\loader\mixin\controller.js:87:20)
    at Object.callFn (C:\Users\ZJY\Desktop\React-记账本\talkbook_server\node_modules\@eggjs\router\lib\utils.js:12:21)
    at wrappedController (C:\Users\ZJY\Desktop\React-记账本\talkbook_server\node_modules\@eggjs\router\lib\egg_router.js:322:18)
    at dispatch (C:\Users\ZJY\Desktop\React-记账本\talkbook_server\node_modules\koa-compose\index.js:44:32)
    at next (C:\Users\ZJY\Desktop\React-记账本\talkbook_server\node_modules\koa-compose\index.js:45:18)
    at C:\Users\ZJY\Desktop\React-记账本\talkbook_server\node_modules\@eggjs\router\lib\router.js:186:18
name: "JsonWebTokenError"
message: "invalid token"
pid: 12616
hostname: LAPTOP-HKEBD1QT

2023-08-10 18:34:24,407 ERROR 9352 [-/::1/-/17ms GET /api/user/test] nodejs.JsonWebTokenError: invalid token
    at Object.module.exports [as verify] (C:\Users\ZJY\Desktop\React-记账本\talkbook_server\node_modules\jsonwebtoken\verify.js:75:17)
    at AsyncFunction.<computed>.verify (C:\Users\ZJY\Desktop\React-记账本\talkbook_server\node_modules\egg-jwt\app\extend\application.js:42:20)
    at UserController.test (C:\Users\ZJY\Desktop\React-记账本\talkbook_server\app\controller\user.js:107:28)
    at Object.callFn (C:\Users\ZJY\Desktop\React-记账本\talkbook_server\node_modules\egg-core\lib\utils\index.js:44:21)
    at Object.classControllerMiddleware (C:\Users\ZJY\Desktop\React-记账本\talkbook_server\node_modules\egg-core\lib\loader\mixin\controller.js:87:20)
    at Object.callFn (C:\Users\ZJY\Desktop\React-记账本\talkbook_server\node_modules\@eggjs\router\lib\utils.js:12:21)
    at wrappedController (C:\Users\ZJY\Desktop\React-记账本\talkbook_server\node_modules\@eggjs\router\lib\egg_router.js:322:18)
    at dispatch (C:\Users\ZJY\Desktop\React-记账本\talkbook_server\node_modules\koa-compose\index.js:44:32)
    at next (C:\Users\ZJY\Desktop\React-记账本\talkbook_server\node_modules\koa-compose\index.js:45:18)
    at C:\Users\ZJY\Desktop\React-记账本\talkbook_server\node_modules\@eggjs\router\lib\router.js:186:18
name: "JsonWebTokenError"
message: "invalid token"
pid: 9352
hostname: LAPTOP-HKEBD1QT

2023-08-10 19:53:41,080 ERROR 3672 nodejs.unhandledExceptionError: read ECONNRESET
    at TCP.onStreamRead (node:internal/stream_base_commons:217:20)
errno: -4077
code: "ECONNRESET"
syscall: "read"
name: "unhandledExceptionError"
pid: 3672
hostname: LAPTOP-HKEBD1QT

2023-08-10 23:01:06,338 ERROR 3672 nodejs.unhandledExceptionError: read ECONNRESET
    at TCP.onStreamRead (node:internal/stream_base_commons:217:20)
errno: -4077
code: "ECONNRESET"
syscall: "read"
name: "unhandledExceptionError"
pid: 3672
hostname: LAPTOP-HKEBD1QT

2023-08-11 09:40:23,199 ERROR 10468 nodejs.unhandledExceptionError: read ECONNRESET
    at TCP.onStreamRead (node:internal/stream_base_commons:217:20)
errno: -4077
code: "ECONNRESET"
syscall: "read"
name: "unhandledExceptionError"
pid: 10468
hostname: LAPTOP-HKEBD1QT

2023-08-14 14:29:58,583 ERROR 11360 nodejs.ClusterClientNoResponseError: client no response in 66379ms exceeding maxIdleTime 60000ms, maybe the connection is close on other side.
    at Timeout._onTimeout (C:\Users\ZJY\Desktop\React-记账本\talkbook_server\node_modules\cluster-client\lib\leader.js:79:25)
    at listOnTimeout (node:internal/timers:559:17)
    at processTimers (node:internal/timers:502:7)
name: "ClusterClientNoResponseError"
pid: 11360
hostname: LAPTOP-HKEBD1QT

