2023-08-10 16:03:11,417 WARN 25200 [-/::1/-/5ms POST /add] invalid csrf token. See https://eggjs.org/zh-cn/core/security.html#安全威胁csrf的防范
2023-08-10 16:03:11,419 WARN 25200 [-/::1/-/7ms POST /add] nodejs.ForbiddenError: invalid csrf token
    at Object.throw (C:\Users\ZJY\Desktop\React-记账本\egg-example\node_modules\koa\lib\context.js:97:11)
    at Object.assertCsrf (C:\Users\ZJY\Desktop\React-记账本\egg-example\node_modules\egg-security\app\extend\context.js:165:32)
    at csrf (C:\Users\ZJY\Desktop\React-记账本\egg-example\node_modules\egg-security\lib\middlewares\csrf.js:37:9)
    at dispatch (C:\Users\ZJY\Desktop\React-记账本\egg-example\node_modules\egg-security\node_modules\koa-compose\index.js:42:32)
    at C:\Users\ZJY\Desktop\React-记账本\egg-example\node_modules\egg-security\node_modules\koa-compose\index.js:34:12
    at dispatch (C:\Users\ZJY\Desktop\React-记账本\egg-example\node_modules\koa\node_modules\koa-compose\index.js:42:32)
    at session (C:\Users\ZJY\Desktop\React-记账本\egg-example\node_modules\koa-session\index.js:41:13)
    at dispatch (C:\Users\ZJY\Desktop\React-记账本\egg-example\node_modules\koa\node_modules\koa-compose\index.js:42:32)
    at overrideMethod (C:\Users\ZJY\Desktop\React-记账本\egg-example\node_modules\koa-override\index.js:38:12)
    at dispatch (C:\Users\ZJY\Desktop\React-记账本\egg-example\node_modules\koa\node_modules\koa-compose\index.js:42:32)
message: "invalid csrf token"
pid: 25200
hostname: LAPTOP-HKEBD1QT

2023-08-10 18:31:36,251 ERROR 22160 [-/::1/-/19ms GET /api/user/test] nodejs.JsonWebTokenError: invalid token
    at Object.module.exports [as verify] (C:\Users\ZJY\Desktop\React-记账本\talkbook_server\node_modules\jsonwebtoken\verify.js:75:17)
    at AsyncFunction.<computed>.verify (C:\Users\ZJY\Desktop\React-记账本\talkbook_server\node_modules\egg-jwt\app\extend\application.js:42:20)
    at UserController.test (C:\Users\ZJY\Desktop\React-记账本\talkbook_server\app\controller\user.js:107:28)
    at Object.callFn (C:\Users\ZJY\Desktop\React-记账本\talkbook_server\node_modules\egg-core\lib\utils\index.js:44:21)
    at Object.classControllerMiddleware (C:\Users\ZJY\Desktop\React-记账本\talkbook_server\node_modules\egg-core\lib\loader\mixin\controller.js:87:20)
    at Object.callFn (C:\Users\ZJY\Desktop\React-记账本\talkbook_server\node_modules\@eggjs\router\lib\utils.js:12:21)
    at wrappedController (C:\Users\ZJY\Desktop\React-记账本\talkbook_server\node_modules\@eggjs\router\lib\egg_router.js:322:18)
    at dispatch (C:\Users\ZJY\Desktop\React-记账本\talkbook_server\node_modules\koa-compose\index.js:44:32)
    at next (C:\Users\ZJY\Desktop\React-记账本\talkbook_server\node_modules\koa-compose\index.js:45:18)
    at C:\Users\ZJY\Desktop\React-记账本\talkbook_server\node_modules\@eggjs\router\lib\router.js:186:18
name: "JsonWebTokenError"
message: "invalid token"
pid: 22160
hostname: LAPTOP-HKEBD1QT

2023-08-10 18:31:46,918 ERROR 22160 [-/::1/-/1ms GET /api/user/test] nodejs.JsonWebTokenError: invalid token
    at Object.module.exports [as verify] (C:\Users\ZJY\Desktop\React-记账本\talkbook_server\node_modules\jsonwebtoken\verify.js:75:17)
    at AsyncFunction.<computed>.verify (C:\Users\ZJY\Desktop\React-记账本\talkbook_server\node_modules\egg-jwt\app\extend\application.js:42:20)
    at UserController.test (C:\Users\ZJY\Desktop\React-记账本\talkbook_server\app\controller\user.js:107:28)
    at Object.callFn (C:\Users\ZJY\Desktop\React-记账本\talkbook_server\node_modules\egg-core\lib\utils\index.js:44:21)
    at Object.classControllerMiddleware (C:\Users\ZJY\Desktop\React-记账本\talkbook_server\node_modules\egg-core\lib\loader\mixin\controller.js:87:20)
    at Object.callFn (C:\Users\ZJY\Desktop\React-记账本\talkbook_server\node_modules\@eggjs\router\lib\utils.js:12:21)
    at wrappedController (C:\Users\ZJY\Desktop\React-记账本\talkbook_server\node_modules\@eggjs\router\lib\egg_router.js:322:18)
    at dispatch (C:\Users\ZJY\Desktop\React-记账本\talkbook_server\node_modules\koa-compose\index.js:44:32)
    at next (C:\Users\ZJY\Desktop\React-记账本\talkbook_server\node_modules\koa-compose\index.js:45:18)
    at C:\Users\ZJY\Desktop\React-记账本\talkbook_server\node_modules\@eggjs\router\lib\router.js:186:18
name: "JsonWebTokenError"
message: "invalid token"
pid: 22160
hostname: LAPTOP-HKEBD1QT

2023-08-10 18:33:50,874 ERROR 12616 [-/::1/-/17ms GET /api/user/test] nodejs.JsonWebTokenError: invalid token
    at Object.module.exports [as verify] (C:\Users\ZJY\Desktop\React-记账本\talkbook_server\node_modules\jsonwebtoken\verify.js:75:17)
    at AsyncFunction.<computed>.verify (C:\Users\ZJY\Desktop\React-记账本\talkbook_server\node_modules\egg-jwt\app\extend\application.js:42:20)
    at UserController.test (C:\Users\ZJY\Desktop\React-记账本\talkbook_server\app\controller\user.js:107:28)
    at Object.callFn (C:\Users\ZJY\Desktop\React-记账本\talkbook_server\node_modules\egg-core\lib\utils\index.js:44:21)
    at Object.classControllerMiddleware (C:\Users\ZJY\Desktop\React-记账本\talkbook_server\node_modules\egg-core\lib\loader\mixin\controller.js:87:20)
    at Object.callFn (C:\Users\ZJY\Desktop\React-记账本\talkbook_server\node_modules\@eggjs\router\lib\utils.js:12:21)
    at wrappedController (C:\Users\ZJY\Desktop\React-记账本\talkbook_server\node_modules\@eggjs\router\lib\egg_router.js:322:18)
    at dispatch (C:\Users\ZJY\Desktop\React-记账本\talkbook_server\node_modules\koa-compose\index.js:44:32)
    at next (C:\Users\ZJY\Desktop\React-记账本\talkbook_server\node_modules\koa-compose\index.js:45:18)
    at C:\Users\ZJY\Desktop\React-记账本\talkbook_server\node_modules\@eggjs\router\lib\router.js:186:18
name: "JsonWebTokenError"
message: "invalid token"
pid: 12616
hostname: LAPTOP-HKEBD1QT

2023-08-10 18:34:24,410 ERROR 9352 [-/::1/-/17ms GET /api/user/test] nodejs.JsonWebTokenError: invalid token
    at Object.module.exports [as verify] (C:\Users\ZJY\Desktop\React-记账本\talkbook_server\node_modules\jsonwebtoken\verify.js:75:17)
    at AsyncFunction.<computed>.verify (C:\Users\ZJY\Desktop\React-记账本\talkbook_server\node_modules\egg-jwt\app\extend\application.js:42:20)
    at UserController.test (C:\Users\ZJY\Desktop\React-记账本\talkbook_server\app\controller\user.js:107:28)
    at Object.callFn (C:\Users\ZJY\Desktop\React-记账本\talkbook_server\node_modules\egg-core\lib\utils\index.js:44:21)
    at Object.classControllerMiddleware (C:\Users\ZJY\Desktop\React-记账本\talkbook_server\node_modules\egg-core\lib\loader\mixin\controller.js:87:20)
    at Object.callFn (C:\Users\ZJY\Desktop\React-记账本\talkbook_server\node_modules\@eggjs\router\lib\utils.js:12:21)
    at wrappedController (C:\Users\ZJY\Desktop\React-记账本\talkbook_server\node_modules\@eggjs\router\lib\egg_router.js:322:18)
    at dispatch (C:\Users\ZJY\Desktop\React-记账本\talkbook_server\node_modules\koa-compose\index.js:44:32)
    at next (C:\Users\ZJY\Desktop\React-记账本\talkbook_server\node_modules\koa-compose\index.js:45:18)
    at C:\Users\ZJY\Desktop\React-记账本\talkbook_server\node_modules\@eggjs\router\lib\router.js:186:18
name: "JsonWebTokenError"
message: "invalid token"
pid: 9352
hostname: LAPTOP-HKEBD1QT

